TN:
SF:src/DatePicker.tsx
FN:25,(anonymous_0)
FN:33,(anonymous_1)
FNF:2
FNH:0
FNDA:0,(anonymous_0)
FNDA:0,(anonymous_1)
DA:2,0
DA:4,0
DA:5,0
DA:6,0
DA:7,0
DA:8,0
DA:9,0
DA:10,0
DA:11,0
DA:12,0
DA:14,0
DA:15,0
DA:17,0
DA:25,0
DA:26,0
DA:33,0
DA:34,0
DA:66,0
DA:68,0
LF:19
LH:0
BRDA:69,0,0,0
BRDA:69,0,1,0
BRDA:88,1,0,0
BRDA:88,1,1,0
BRDA:99,2,0,0
BRDA:99,2,1,0
BRDA:108,3,0,0
BRDA:108,3,1,0
BRDA:127,4,0,0
BRDA:127,4,1,0
BRDA:127,4,2,0
BRF:11
BRH:0
end_of_record
TN:
SF:src/ExamplePicker.tsx
FN:25,(anonymous_0)
FN:28,(anonymous_1)
FNF:2
FNH:0
FNDA:0,(anonymous_0)
FNDA:0,(anonymous_1)
DA:1,0
DA:11,0
DA:22,0
DA:23,0
DA:25,0
DA:26,0
DA:28,0
DA:29,0
DA:32,0
LF:9
LH:0
BRF:0
BRH:0
end_of_record
TN:
SF:src/index.ts
FN:1,(anonymous_0)
FN:2,(anonymous_1)
FN:3,(anonymous_2)
FN:3,(anonymous_3)
FN:3,(anonymous_4)
FN:3,(anonymous_5)
FNF:6
FNH:0
FNDA:0,(anonymous_0)
FNDA:0,(anonymous_1)
FNDA:0,(anonymous_2)
FNDA:0,(anonymous_3)
FNDA:0,(anonymous_4)
FNDA:0,(anonymous_5)
DA:1,0
DA:2,0
DA:3,0
LF:3
LH:0
BRF:0
BRH:0
end_of_record
TN:
SF:src/useDataPicker.ts
FN:6,(anonymous_0)
FN:27,(anonymous_1)
FN:34,(anonymous_2)
FN:35,(anonymous_3)
FN:37,(anonymous_4)
FN:38,(anonymous_5)
FN:41,(anonymous_6)
FN:42,(anonymous_7)
FN:45,(anonymous_8)
FN:46,(anonymous_9)
FN:49,(anonymous_10)
FN:50,(anonymous_11)
FN:53,(anonymous_12)
FN:58,(anonymous_13)
FN:65,(anonymous_14)
FN:74,(anonymous_15)
FN:89,(anonymous_16)
FN:104,(anonymous_17)
FNF:18
FNH:18
FNDA:30,(anonymous_0)
FNDA:12,(anonymous_1)
FNDA:1,(anonymous_2)
FNDA:1,(anonymous_3)
FNDA:1,(anonymous_4)
FNDA:1,(anonymous_5)
FNDA:1,(anonymous_6)
FNDA:1,(anonymous_7)
FNDA:1,(anonymous_8)
FNDA:1,(anonymous_9)
FNDA:1,(anonymous_10)
FNDA:1,(anonymous_11)
FNDA:1,(anonymous_12)
FNDA:1,(anonymous_13)
FNDA:1,(anonymous_14)
FNDA:4,(anonymous_15)
FNDA:4,(anonymous_16)
FNDA:1,(anonymous_17)
DA:1,1
DA:3,1
DA:6,1
DA:11,30
DA:12,30
DA:13,30
DA:15,30
DA:16,30
DA:17,30
DA:18,30
DA:19,30
DA:20,30
DA:21,30
DA:22,30
DA:23,30
DA:24,30
DA:25,30
DA:27,30
DA:28,12
DA:29,1
DA:30,1
DA:34,30
DA:35,30
DA:37,30
DA:38,1
DA:41,30
DA:42,1
DA:45,30
DA:46,1
DA:49,30
DA:50,1
DA:53,30
DA:54,1
DA:55,1
DA:58,30
DA:59,1
DA:60,1
DA:61,1
DA:62,1
DA:65,30
DA:66,1
DA:67,1
DA:68,1
DA:69,1
DA:70,1
DA:74,30
DA:75,4
DA:76,1
DA:77,1
DA:80,3
DA:81,3
DA:82,0
DA:83,0
DA:85,3
DA:89,30
DA:90,4
DA:91,1
DA:92,1
DA:95,3
DA:96,3
DA:97,1
DA:98,1
DA:100,2
DA:104,30
DA:105,1
DA:107,1
DA:108,1
DA:112,30
LF:68
LH:66
BRDA:21,0,0,30
BRDA:21,0,1,29
BRDA:22,1,0,30
BRDA:22,1,1,29
BRDA:28,2,0,1
BRDA:28,2,1,11
BRDA:69,3,0,1
BRDA:69,3,1,0
BRDA:75,4,0,1
BRDA:75,4,1,3
BRDA:81,5,0,0
BRDA:81,5,1,3
BRDA:81,6,0,3
BRDA:81,6,1,0
BRDA:90,7,0,1
BRDA:90,7,1,3
BRDA:96,8,0,1
BRDA:96,8,1,2
BRDA:96,9,0,3
BRDA:96,9,1,3
BRDA:107,10,0,1
BRDA:107,10,1,0
BRF:22
BRH:18
end_of_record
TN:
SF:src/components/commonStyles.ts
FN:4,(anonymous_0)
FNF:1
FNH:1
FNDA:23,(anonymous_0)
DA:1,3
DA:3,3
DA:4,23
LF:3
LH:3
BRF:0
BRH:0
end_of_record
TN:
SF:src/components/Buttons/index.tsx
FN:9,(anonymous_9)
FN:32,(anonymous_10)
FNF:2
FNH:2
FNDA:12,(anonymous_9)
FNDA:12,(anonymous_10)
DA:3,2
DA:9,2
DA:10,12
DA:32,2
DA:33,12
LF:5
LH:5
BRF:0
BRH:0
end_of_record
TN:
SF:src/components/Buttons/styled.ts
FN:8,(anonymous_9)
FNF:1
FNH:1
FNDA:24,(anonymous_9)
DA:1,2
DA:3,2
DA:4,2
DA:5,2
DA:7,2
DA:8,24
LF:6
LH:6
BRF:0
BRH:0
end_of_record
TN:
SF:src/components/Calendar/MonthsCalendar.tsx
FN:16,(anonymous_9)
FN:22,(anonymous_10)
FN:35,(anonymous_11)
FNF:3
FNH:3
FNDA:4,(anonymous_9)
FNDA:1,(anonymous_10)
FNDA:48,(anonymous_11)
DA:3,1
DA:4,1
DA:7,1
DA:16,1
DA:22,4
DA:23,1
DA:26,4
DA:36,48
LF:8
LH:8
BRF:0
BRH:0
end_of_record
TN:
SF:src/components/Calendar/WeeksCalendar.tsx
FN:36,(anonymous_9)
FN:57,(anonymous_10)
FN:61,(anonymous_11)
FN:76,(anonymous_12)
FN:80,(anonymous_13)
FNF:5
FNH:5
FNDA:6,(anonymous_9)
FNDA:1,(anonymous_10)
FNDA:1,(anonymous_11)
FNDA:42,(anonymous_12)
FNDA:24,(anonymous_13)
DA:3,1
DA:4,1
DA:5,1
DA:12,1
DA:13,1
DA:14,1
DA:17,1
DA:36,1
DA:52,6
DA:53,6
DA:55,6
DA:57,6
DA:58,1
DA:61,6
DA:62,1
DA:65,6
DA:77,42
DA:81,24
LF:18
LH:18
BRDA:52,0,0,6
BRDA:52,0,1,0
BRDA:85,1,0,24
BRDA:85,1,1,0
BRDA:90,2,0,0
BRDA:90,2,1,24
BRDA:90,3,0,24
BRDA:90,3,1,24
BRDA:90,3,2,0
BRDA:97,4,0,24
BRDA:97,4,1,24
BRDA:98,5,0,24
BRDA:98,5,1,0
BRDA:99,6,0,24
BRDA:99,6,1,0
BRF:15
BRH:9
end_of_record
TN:
SF:src/components/Calendar/YearsCalendar.tsx
FN:20,(anonymous_9)
FN:38,(anonymous_10)
FNF:2
FNH:2
FNDA:6,(anonymous_9)
FNDA:42,(anonymous_10)
DA:3,1
DA:4,1
DA:7,1
DA:9,1
DA:20,1
DA:28,6
DA:29,6
DA:39,42
LF:8
LH:8
BRF:0
BRH:0
end_of_record
TN:
SF:src/components/Calendar/styled.tsx
FN:6,(anonymous_9)
FN:19,(anonymous_10)
FN:32,(anonymous_11)
FN:48,(anonymous_12)
FN:60,(anonymous_13)
FN:72,(anonymous_14)
FNF:6
FNH:6
FNDA:16,(anonymous_9)
FNDA:16,(anonymous_10)
FNDA:16,(anonymous_11)
FNDA:12,(anonymous_12)
FNDA:4,(anonymous_13)
FNDA:42,(anonymous_14)
DA:1,3
DA:3,3
DA:5,3
DA:6,16
DA:18,3
DA:19,16
DA:31,3
DA:32,16
DA:47,3
DA:48,12
DA:59,3
DA:60,4
DA:71,3
DA:72,42
LF:14
LH:14
BRDA:32,0,0,6
BRDA:39,1,0,10
BRDA:39,1,1,6
BRF:3
BRH:3
end_of_record
TN:
SF:src/components/Calendar/Cell/Cell.tsx
FN:9,Cell
FN:10,(anonymous_10)
FNF:2
FNH:2
FNDA:90,Cell
FNDA:2,(anonymous_10)
DA:1,2
DA:9,2
DA:10,90
DA:11,2
DA:14,90
LF:5
LH:5
BRF:0
BRH:0
end_of_record
TN:
SF:src/components/Calendar/Cell/DateCell.tsx
FN:22,(anonymous_9)
FN:37,(anonymous_10)
FNF:2
FNH:2
FNDA:24,(anonymous_9)
FNDA:1,(anonymous_10)
DA:3,1
DA:4,1
DA:22,1
DA:37,24
DA:38,1
DA:40,24
LF:6
LH:6
BRDA:55,0,0,0
BRDA:55,0,1,24
BRF:2
BRH:1
end_of_record
TN:
SF:src/components/Calendar/Cell/styled.ts
FN:17,(anonymous_9)
FN:29,(anonymous_10)
FN:37,(anonymous_11)
FN:72,(anonymous_12)
FN:141,(anonymous_13)
FN:155,(anonymous_14)
FNF:6
FNH:6
FNDA:24,(anonymous_9)
FNDA:24,(anonymous_10)
FNDA:24,(anonymous_11)
FNDA:24,(anonymous_12)
FNDA:90,(anonymous_13)
FNDA:90,(anonymous_14)
DA:1,3
DA:6,3
DA:7,3
DA:8,3
DA:16,3
DA:17,24
DA:24,3
DA:29,24
DA:36,3
DA:48,24
DA:73,24
DA:74,24
DA:75,24
DA:76,24
DA:140,3
DA:141,90
DA:156,90
LF:17
LH:17
BRDA:66,0,0,0
BRDA:66,0,1,24
BRDA:68,1,0,0
BRDA:68,1,1,24
BRDA:73,2,0,0
BRDA:73,2,1,24
BRDA:73,3,0,24
BRDA:73,3,1,24
BRDA:74,4,0,0
BRDA:74,4,1,24
BRDA:75,5,0,0
BRDA:75,5,1,24
BRDA:79,6,0,24
BRDA:79,6,1,24
BRDA:79,6,2,24
BRDA:79,6,3,0
BRDA:84,7,0,24
BRDA:84,7,1,0
BRDA:88,8,0,24
BRDA:88,8,1,0
BRDA:88,8,2,0
BRDA:93,9,0,24
BRDA:93,9,1,0
BRDA:93,9,2,0
BRDA:98,10,0,24
BRDA:98,10,1,0
BRDA:98,10,2,0
BRDA:104,11,0,24
BRDA:104,11,1,0
BRDA:109,12,0,24
BRDA:109,12,1,0
BRDA:114,13,0,24
BRDA:114,13,1,0
BRDA:114,13,2,0
BRDA:120,14,0,0
BRDA:120,14,1,24
BRDA:125,15,0,24
BRDA:125,15,1,0
BRDA:160,16,0,90
BRDA:160,16,1,10
BRF:40
BRH:21
end_of_record
TN:
SF:src/components/ControlPanel/index.tsx
FN:27,(anonymous_9)
FN:46,(anonymous_10)
FN:46,(anonymous_11)
FNF:3
FNH:3
FNDA:6,(anonymous_9)
FNDA:1,(anonymous_10)
FNDA:1,(anonymous_11)
DA:1,1
DA:3,1
DA:4,1
DA:5,1
DA:6,1
DA:8,1
DA:27,1
DA:43,6
DA:44,6
DA:46,1
LF:10
LH:10
BRDA:47,0,0,5
BRDA:47,0,1,1
BRF:2
BRH:2
end_of_record
TN:
SF:src/components/ControlPanel/styled.ts
FN:14,(anonymous_9)
FN:42,(anonymous_10)
FNF:2
FNH:2
FNDA:6,(anonymous_9)
FNDA:6,(anonymous_10)
DA:1,1
DA:3,1
DA:4,1
DA:6,1
DA:13,1
DA:14,6
DA:36,1
DA:43,6
LF:8
LH:8
BRDA:43,0,0,5
BRDA:43,0,1,1
BRF:2
BRH:2
end_of_record
TN:
SF:src/components/ControlPanel/DateInput/index.tsx
FN:12,(anonymous_9)
FN:19,(anonymous_10)
FN:23,(anonymous_11)
FNF:3
FNH:3
FNDA:37,(anonymous_9)
FNDA:1,(anonymous_10)
FNDA:6,(anonymous_11)
DA:1,3
DA:3,3
DA:12,3
DA:18,37
DA:19,37
DA:20,1
DA:23,37
DA:25,37
LF:8
LH:8
BRDA:15,0,0,4
BRF:1
BRH:1
end_of_record
TN:
SF:src/components/ControlPanel/DateInput/styled.ts
FN:9,(anonymous_9)
FN:11,(anonymous_10)
FN:17,(anonymous_11)
FN:26,(anonymous_12)
FNF:4
FNH:4
FNDA:37,(anonymous_9)
FNDA:37,(anonymous_10)
FNDA:37,(anonymous_11)
FNDA:37,(anonymous_12)
DA:1,3
DA:3,3
DA:5,3
DA:9,37
DA:11,37
DA:16,3
DA:17,37
DA:25,3
DA:26,37
LF:9
LH:9
BRF:0
BRH:0
end_of_record
TN:
SF:src/components/ControlPanel/RangeInput/index.tsx
FN:14,(anonymous_9)
FN:15,(anonymous_10)
FNF:2
FNH:2
FNDA:13,(anonymous_9)
FNDA:1,(anonymous_10)
DA:3,2
DA:5,2
DA:14,2
DA:15,13
DA:16,1
DA:17,1
DA:20,13
LF:7
LH:7
BRDA:24,0,0,13
BRDA:24,0,1,1
BRF:2
BRH:2
end_of_record
TN:
SF:src/components/ControlPanel/RangeInput/styled.ts
FN:5,(anonymous_9)
FN:5,(anonymous_10)
FN:5,(anonymous_11)
FN:10,(anonymous_12)
FN:26,(anonymous_13)
FNF:5
FNH:2
FNDA:0,(anonymous_9)
FNDA:0,(anonymous_10)
FNDA:0,(anonymous_11)
FNDA:13,(anonymous_12)
FNDA:13,(anonymous_13)
DA:1,2
DA:3,2
DA:5,2
DA:7,2
DA:9,2
DA:10,13
DA:23,2
DA:26,13
LF:8
LH:8
BRF:0
BRH:0
end_of_record
TN:
SF:src/components/ControlPanel/Settings/index.tsx
FN:18,(anonymous_9)
FN:28,(anonymous_10)
FN:32,(anonymous_11)
FN:36,(anonymous_12)
FN:41,(anonymous_13)
FNF:5
FNH:5
FNDA:10,(anonymous_9)
FNDA:2,(anonymous_10)
FNDA:2,(anonymous_11)
FNDA:1,(anonymous_12)
FNDA:1,(anonymous_13)
DA:3,2
DA:5,2
DA:18,2
DA:28,10
DA:29,2
DA:32,10
DA:33,2
DA:36,10
DA:37,1
DA:38,1
DA:41,10
DA:42,1
DA:45,10
LF:13
LH:13
BRDA:29,0,0,2
BRDA:29,0,1,0
BRDA:33,1,0,2
BRDA:33,1,1,0
BRF:4
BRH:2
end_of_record
TN:
SF:src/components/ControlPanel/Settings/styled.ts
FN:8,(anonymous_9)
FN:16,(anonymous_10)
FN:29,(anonymous_11)
FN:39,(anonymous_12)
FN:48,(anonymous_13)
FN:71,(anonymous_14)
FN:85,(anonymous_15)
FN:98,(anonymous_16)
FNF:8
FNH:8
FNDA:10,(anonymous_9)
FNDA:10,(anonymous_10)
FNDA:20,(anonymous_11)
FNDA:20,(anonymous_12)
FNDA:20,(anonymous_13)
FNDA:10,(anonymous_14)
FNDA:20,(anonymous_15)
FNDA:20,(anonymous_16)
DA:1,2
DA:3,2
DA:4,2
DA:5,2
DA:7,2
DA:8,10
DA:15,2
DA:16,10
DA:28,2
DA:29,20
DA:38,2
DA:39,20
DA:47,2
DA:48,20
DA:70,2
DA:71,10
DA:84,2
DA:85,20
DA:97,2
DA:98,20
LF:20
LH:20
BRF:0
BRH:0
end_of_record
TN:
SF:src/components/ErrorBoundary/index.tsx
FN:13,(anonymous_0)
FN:17,useErrorBoundaryReset
FN:22,(anonymous_2)
FN:31,(anonymous_3)
FN:35,(anonymous_4)
FN:39,(anonymous_5)
FNF:6
FNH:5
FNDA:0,(anonymous_0)
FNDA:6,useErrorBoundaryReset
FNDA:6,(anonymous_2)
FNDA:6,(anonymous_3)
FNDA:1,(anonymous_4)
FNDA:13,(anonymous_5)
DA:1,1
DA:13,1
DA:14,0
DA:17,1
DA:18,6
DA:21,1
DA:23,6
DA:24,5
DA:28,5
DA:32,6
DA:36,1
DA:40,13
DA:41,6
DA:42,6
DA:49,7
LF:15
LH:14
BRDA:40,0,0,6
BRDA:40,0,1,7
BRDA:40,1,0,13
BRDA:40,1,1,6
BRF:4
BRH:4
end_of_record
TN:
SF:src/components/ErrorFallback/index.tsx
FN:4,ErrorFallback
FNF:1
FNH:1
FNDA:7,ErrorFallback
DA:1,2
DA:2,2
DA:4,2
DA:5,7
DA:7,7
LF:5
LH:5
BRF:0
BRH:0
end_of_record
TN:
SF:src/components/ErrorFallback/styled.ts
FN:11,(anonymous_9)
FN:22,(anonymous_10)
FN:33,(anonymous_11)
FN:36,(anonymous_12)
FNF:4
FNH:4
FNDA:7,(anonymous_9)
FNDA:14,(anonymous_10)
FNDA:7,(anonymous_11)
FNDA:7,(anonymous_12)
DA:1,2
DA:3,2
DA:4,2
DA:5,2
DA:7,2
DA:11,7
DA:21,2
DA:22,14
DA:28,2
DA:33,7
DA:36,7
LF:11
LH:11
BRF:0
BRH:0
end_of_record
TN:
SF:src/components/TasksModal/index.tsx
FN:16,(anonymous_9)
FN:21,(anonymous_10)
FN:27,(anonymous_11)
FN:32,(anonymous_12)
FN:53,(anonymous_13)
FN:56,(anonymous_14)
FNF:6
FNH:6
FNDA:10,(anonymous_9)
FNDA:1,(anonymous_10)
FNDA:1,(anonymous_11)
FNDA:3,(anonymous_12)
FNDA:2,(anonymous_13)
FNDA:1,(anonymous_14)
DA:1,1
DA:6,1
DA:8,1
DA:16,1
DA:17,10
DA:18,10
DA:19,10
DA:21,10
DA:22,1
DA:23,1
DA:24,1
DA:27,10
DA:28,1
DA:29,1
DA:32,10
DA:33,3
DA:34,3
DA:35,1
DA:36,2
DA:37,1
DA:39,1
DA:43,10
DA:54,2
DA:56,1
LF:24
LH:24
BRDA:34,0,0,1
BRDA:34,0,1,2
BRDA:36,1,0,1
BRDA:36,1,1,1
BRDA:52,2,0,10
BRDA:52,2,1,8
BRDA:69,3,0,10
BRDA:69,3,1,8
BRF:8
BRH:8
end_of_record
TN:
SF:src/components/TasksModal/styled.ts
FN:29,(anonymous_9)
FN:42,(anonymous_10)
FN:51,(anonymous_11)
FN:63,(anonymous_12)
FN:73,(anonymous_13)
FN:85,(anonymous_14)
FN:97,(anonymous_15)
FN:105,(anonymous_16)
FN:112,(anonymous_17)
FN:136,(anonymous_18)
FNF:10
FNH:10
FNDA:10,(anonymous_9)
FNDA:10,(anonymous_10)
FNDA:10,(anonymous_11)
FNDA:10,(anonymous_12)
FNDA:2,(anonymous_13)
FNDA:2,(anonymous_14)
FNDA:8,(anonymous_15)
FNDA:10,(anonymous_16)
FNDA:10,(anonymous_17)
FNDA:10,(anonymous_18)
DA:1,1
DA:3,1
DA:5,1
DA:6,1
DA:8,1
DA:14,1
DA:20,1
DA:28,1
DA:29,10
DA:41,1
DA:42,10
DA:50,1
DA:51,10
DA:62,1
DA:63,10
DA:72,1
DA:73,2
DA:84,1
DA:85,2
DA:96,1
DA:97,8
DA:104,1
DA:105,10
DA:111,1
DA:112,10
DA:131,1
DA:135,1
DA:136,10
LF:28
LH:28
BRDA:141,0,0,2
BRDA:141,0,1,8
BRF:2
BRH:2
end_of_record
TN:
SF:src/context/darkModeContext.tsx
FN:8,(anonymous_0)
FN:15,(anonymous_1)
FN:17,(anonymous_2)
FN:17,(anonymous_3)
FN:19,(anonymous_4)
FN:29,(anonymous_5)
FN:36,(anonymous_6)
FNF:7
FNH:7
FNDA:1,(anonymous_0)
FNDA:3,(anonymous_1)
FNDA:1,(anonymous_2)
FNDA:1,(anonymous_3)
FNDA:1,(anonymous_4)
FNDA:2,(anonymous_5)
FNDA:5,(anonymous_6)
DA:1,1
DA:8,1
DA:9,1
DA:10,1
DA:13,1
DA:15,1
DA:16,3
DA:17,3
DA:19,3
DA:20,1
DA:21,1
DA:22,0
DA:24,1
DA:25,1
DA:29,3
DA:30,2
DA:33,3
DA:36,1
DA:37,5
DA:38,4
DA:39,2
DA:41,2
LF:22
LH:21
BRDA:8,0,0,1
BRDA:8,0,1,1
BRDA:21,1,0,0
BRDA:21,1,1,1
BRDA:30,2,0,1
BRDA:30,2,1,1
BRDA:38,3,0,2
BRDA:38,3,1,2
BRF:8
BRH:7
end_of_record
TN:
SF:src/core/BaseCalendar.ts
FN:20,(anonymous_9)
FN:24,(anonymous_10)
FN:33,(anonymous_11)
FN:42,(anonymous_12)
FN:47,(anonymous_13)
FN:48,(anonymous_14)
FN:51,(anonymous_15)
FN:55,(anonymous_16)
FN:68,(anonymous_17)
FN:81,(anonymous_18)
FN:85,(anonymous_19)
FNF:11
FNH:11
FNDA:32,(anonymous_9)
FNDA:2,(anonymous_10)
FNDA:5,(anonymous_11)
FNDA:3,(anonymous_12)
FNDA:2,(anonymous_13)
FNDA:2,(anonymous_14)
FNDA:2,(anonymous_15)
FNDA:1,(anonymous_16)
FNDA:1,(anonymous_17)
FNDA:1,(anonymous_18)
FNDA:1,(anonymous_19)
DA:1,3
DA:4,3
DA:6,3
DA:17,3
DA:21,32
DA:25,2
DA:26,2
DA:34,5
DA:35,4
DA:43,3
DA:44,3
DA:48,2
DA:52,2
DA:56,1
DA:57,1
DA:58,1
DA:60,1
DA:61,1
DA:62,1
DA:64,1
DA:65,1
DA:69,1
DA:70,1
DA:71,1
DA:73,1
DA:74,1
DA:75,1
DA:76,1
DA:78,1
DA:82,1
DA:86,1
LF:31
LH:31
BRDA:20,0,0,9
BRDA:27,1,0,2
BRDA:27,1,1,1
BRDA:27,1,2,1
BRDA:34,2,0,1
BRDA:34,2,1,4
BRDA:36,3,0,4
BRDA:36,3,1,2
BRDA:36,3,2,2
BRDA:44,4,0,3
BRDA:44,4,1,2
BRDA:61,5,0,0
BRDA:61,5,1,1
BRDA:74,6,0,0
BRDA:74,6,1,1
BRF:15
BRH:13
end_of_record
TN:
SF:src/core/Builder.ts
FN:13,hasInnerCalendar
FN:17,hasCalendarProp
FN:32,(anonymous_2)
FN:44,(anonymous_3)
FN:46,(anonymous_4)
FN:59,(anonymous_5)
FN:72,(anonymous_6)
FN:79,(anonymous_7)
FNF:8
FNH:8
FNDA:15,hasInnerCalendar
FNDA:9,hasCalendarProp
FNDA:8,(anonymous_2)
FNDA:8,(anonymous_3)
FNDA:30,(anonymous_4)
FNDA:13,(anonymous_5)
FNDA:9,(anonymous_6)
FNDA:8,(anonymous_7)
DA:3,1
DA:4,1
DA:5,1
DA:6,1
DA:14,15
DA:18,9
DA:23,1
DA:29,1
DA:33,8
DA:35,8
DA:36,6
DA:37,9
DA:41,8
DA:45,8
DA:47,30
DA:48,8
DA:49,8
DA:50,7
DA:51,5
DA:52,5
DA:54,2
DA:56,3
DA:60,13
DA:61,5
DA:62,5
DA:63,2
DA:64,0
DA:67,3
DA:73,9
DA:74,9
DA:76,8
DA:80,8
LF:32
LH:31
BRDA:18,0,0,9
BRDA:18,0,1,9
BRDA:35,1,0,6
BRDA:35,1,1,2
BRDA:47,2,0,22
BRDA:47,2,1,8
BRDA:48,3,0,5
BRDA:48,3,1,3
BRDA:50,4,0,5
BRDA:50,4,1,2
BRDA:52,5,0,5
BRDA:52,5,1,0
BRDA:54,6,0,2
BRDA:54,6,1,0
BRDA:60,7,0,8
BRDA:60,7,1,5
BRDA:61,8,0,2
BRDA:61,8,1,3
BRDA:63,9,0,2
BRDA:63,9,1,0
BRDA:64,10,0,0
BRDA:64,10,1,0
BRDA:74,11,0,1
BRDA:74,11,1,8
BRF:24
BRH:19
end_of_record
TN:
SF:src/core/constants/index.ts
FN:19,(anonymous_0)
FN:40,(anonymous_1)
FN:46,isView
FN:47,(anonymous_3)
FN:50,(anonymous_4)
FN:55,isWeekStartsOn
FN:56,(anonymous_6)
FN:59,(anonymous_7)
FNF:8
FNH:8
FNDA:6,(anonymous_0)
FNDA:10,(anonymous_1)
FNDA:2,isView
FNDA:4,(anonymous_3)
FNDA:10,(anonymous_4)
FNDA:2,isWeekStartsOn
FNDA:4,(anonymous_6)
FNDA:10,(anonymous_7)
DA:1,10
DA:16,10
DA:17,10
DA:19,10
DA:20,6
DA:21,6
DA:22,6
DA:23,6
DA:24,6
DA:27,10
DA:40,10
DA:41,10
DA:42,10
DA:43,10
DA:46,10
DA:47,4
DA:50,10
DA:51,10
DA:52,10
DA:55,10
DA:56,4
DA:59,10
DA:60,10
DA:61,10
DA:62,10
LF:25
LH:25
BRDA:20,0,0,0
BRDA:20,0,1,6
BRDA:40,1,0,10
BRDA:40,1,1,10
BRDA:50,2,0,10
BRDA:50,2,1,10
BRDA:59,3,0,10
BRDA:59,3,1,10
BRF:8
BRH:7
end_of_record
TN:
SF:src/core/decorators/BaseCalendarDecorator.ts
FN:8,(anonymous_0)
FN:12,(anonymous_1)
FN:16,(anonymous_2)
FN:20,(anonymous_3)
FN:24,(anonymous_4)
FN:28,(anonymous_5)
FN:32,(anonymous_6)
FN:36,(anonymous_7)
FN:40,(anonymous_8)
FN:44,(anonymous_9)
FN:48,(anonymous_10)
FNF:11
FNH:2
FNDA:35,(anonymous_0)
FNDA:4,(anonymous_1)
FNDA:0,(anonymous_2)
FNDA:0,(anonymous_3)
FNDA:0,(anonymous_4)
FNDA:0,(anonymous_5)
FNDA:0,(anonymous_6)
FNDA:0,(anonymous_7)
FNDA:0,(anonymous_8)
FNDA:0,(anonymous_9)
FNDA:0,(anonymous_10)
DA:5,5
DA:9,35
DA:13,4
DA:17,0
DA:21,0
DA:25,0
DA:29,0
DA:33,0
DA:37,0
DA:41,0
DA:45,0
DA:49,0
LF:12
LH:3
BRF:0
BRH:0
end_of_record
TN:
SF:src/core/decorators/DateLimitsCalendarDecorator.ts
FN:6,(anonymous_0)
FN:12,(anonymous_1)
FN:22,(anonymous_2)
FN:33,hasDateLimitsFeature
FNF:4
FNH:4
FNDA:5,(anonymous_0)
FNDA:3,(anonymous_1)
FNDA:3,(anonymous_2)
FNDA:24,hasDateLimitsFeature
DA:3,3
DA:5,3
DA:7,5
DA:8,4
DA:9,3
DA:13,3
DA:14,3
DA:16,2
DA:17,2
DA:19,1
DA:23,3
DA:24,3
DA:26,2
DA:27,2
DA:29,1
DA:33,3
DA:34,24
LF:17
LH:17
BRDA:7,0,0,1
BRDA:7,0,1,4
BRDA:7,1,0,5
BRDA:7,1,1,2
BRDA:8,2,0,1
BRDA:8,2,1,3
BRDA:8,3,0,4
BRDA:8,3,1,2
BRDA:14,4,0,1
BRDA:14,4,1,2
BRDA:17,5,0,1
BRDA:17,5,1,1
BRDA:24,6,0,1
BRDA:24,6,1,2
BRDA:27,7,0,1
BRDA:27,7,1,1
BRDA:34,8,0,24
BRDA:34,8,1,24
BRF:18
BRH:18
end_of_record
TN:
SF:src/core/decorators/RangeCalendarDecorator.ts
FN:5,(anonymous_0)
FN:11,hasRangeFeature
FNF:2
FNH:2
FNDA:8,(anonymous_0)
FNDA:26,hasRangeFeature
DA:2,3
DA:4,3
DA:6,8
DA:7,8
DA:11,3
DA:12,26
LF:6
LH:6
BRDA:6,0,0,6
BRDA:6,0,1,2
BRDA:7,1,0,8
BRDA:7,1,1,6
BRDA:12,2,0,26
BRDA:12,2,1,25
BRF:6
BRH:6
end_of_record
TN:
SF:src/core/decorators/TasksCalendarDecorator.ts
FN:10,(anonymous_0)
FN:15,(anonymous_1)
FN:19,(anonymous_2)
FN:23,(anonymous_3)
FN:30,(anonymous_4)
FN:34,(anonymous_5)
FN:40,(anonymous_6)
FN:63,(anonymous_7)
FN:66,(anonymous_8)
FN:71,(anonymous_9)
FN:76,(anonymous_10)
FN:82,hasTasksFeature
FNF:12
FNH:12
FNDA:14,(anonymous_0)
FNDA:34,(anonymous_1)
FNDA:19,(anonymous_2)
FNDA:14,(anonymous_3)
FNDA:10,(anonymous_4)
FNDA:1,(anonymous_5)
FNDA:10,(anonymous_6)
FNDA:2,(anonymous_7)
FNDA:1,(anonymous_8)
FNDA:13,(anonymous_9)
FNDA:10,(anonymous_10)
FNDA:24,hasTasksFeature
DA:4,3
DA:6,3
DA:7,14
DA:8,14
DA:11,14
DA:12,14
DA:16,34
DA:20,19
DA:24,14
DA:25,14
DA:26,1
DA:31,10
DA:33,9
DA:34,9
DA:35,9
DA:37,8
DA:41,10
DA:42,10
DA:43,9
DA:46,10
DA:48,10
DA:49,10
DA:50,2
DA:51,2
DA:54,8
DA:59,8
DA:60,8
DA:64,2
DA:65,2
DA:66,1
DA:67,1
DA:68,1
DA:72,13
DA:73,13
DA:77,10
DA:78,10
DA:82,3
DA:83,24
LF:38
LH:38
BRDA:25,0,0,1
BRDA:25,0,1,13
BRDA:31,1,0,1
BRDA:31,1,1,9
BRDA:35,2,0,1
BRDA:35,2,1,8
BRDA:42,3,0,9
BRDA:42,3,1,1
BRDA:49,4,0,2
BRDA:49,4,1,8
BRDA:65,5,0,1
BRDA:65,5,1,1
BRDA:67,6,0,1
BRDA:67,6,1,0
BRDA:73,7,0,13
BRDA:73,7,1,4
BRDA:84,8,0,24
BRDA:84,8,1,0
BRDA:84,8,2,0
BRDA:84,8,3,0
BRF:20
BRH:16
end_of_record
TN:
SF:src/core/utils/index.ts
FN:3,getDaysForMonthGrid
FN:10,(anonymous_1)
FN:52,getYearsForGrid
FN:54,(anonymous_3)
FNF:4
FNH:4
FNDA:3,getDaysForMonthGrid
FNDA:6,(anonymous_1)
FNDA:4,getYearsForGrid
FNDA:21,(anonymous_3)
DA:1,4
DA:3,4
DA:4,3
DA:5,3
DA:7,3
DA:8,3
DA:10,3
DA:11,6
DA:12,6
DA:15,3
DA:16,3
DA:18,3
DA:19,3
DA:21,3
DA:22,3
DA:23,3
DA:25,3
DA:26,3
DA:27,3
DA:29,3
DA:30,112
DA:31,112
DA:32,16
DA:33,16
DA:35,112
DA:38,3
DA:39,0
DA:40,0
DA:41,0
DA:42,0
DA:43,0
DA:44,0
DA:46,0
DA:49,3
DA:52,4
DA:53,4
DA:54,21
LF:37
LH:30
BRDA:12,0,0,4
BRDA:12,0,1,2
BRDA:12,1,0,1
BRDA:12,1,1,3
BRDA:31,2,0,16
BRDA:31,2,1,96
BRDA:38,3,0,0
BRDA:38,3,1,3
BRF:8
BRH:7
end_of_record
TN:
SF:src/stories/DatePicker.stories.tsx
FNF:0
FNH:0
DA:3,0
DA:5,0
DA:9,0
DA:13,0
LF:4
LH:0
BRF:0
BRH:0
end_of_record
TN:
SF:src/theme/theme.ts
FNF:0
FNH:0
DA:3,10
DA:88,10
DA:92,10
LF:3
LH:3
BRF:0
BRH:0
end_of_record
